app/build/intermediates/manifest_merge_blame_file/debug/processDebugMainManifest/manifest-merger-blame-debug-report.txt
1<?xml version="1.0" encoding="utf-8"?>
2<manifest xmlns:android="http://schemas.android.com/apk/res/android"
3    package="com.tkprof.hundredeightv"
4    android:versionCode="1"
5    android:versionName="1.0" >
6
7    <uses-sdk
8        android:minSdkVersion="27"
9        android:targetSdkVersion="36" />
10
11    <uses-permission android:name="android.permission.INTERNET" />
11-->src\main\AndroidManifest.xml:5:5-67
11-->src\main\AndroidManifest.xml:5:22-64
12    <uses-permission android:name="android.permission.WRITE_EXTERNAL_STORAGE" />
12-->src\main\AndroidManifest.xml:6:5-81
12-->src\main\AndroidManifest.xml:6:22-78
13    <uses-permission android:name="android.permission.WAKE_LOCK" />
13-->src\main\AndroidManifest.xml:7:5-68
13-->src\main\AndroidManifest.xml:7:22-65
14    <uses-permission android:name="android.permission.READ_PHONE_STATE" />
14-->src\main\AndroidManifest.xml:8:5-75
14-->src\main\AndroidManifest.xml:8:22-72
15    <uses-permission android:name="android.permission.READ_EXTERNAL_STORAGE" />
15-->src\main\AndroidManifest.xml:9:5-80
15-->src\main\AndroidManifest.xml:9:22-77
16    <uses-permission android:name="com.google.android.gms.permission.AD_ID" />
16-->[com.google.ads.interactivemedia.v3:interactivemedia:3.37.0] AndroidManifest.xml:13:5-79
16-->[com.google.ads.interactivemedia.v3:interactivemedia:3.37.0] AndroidManifest.xml:13:22-76
17    <uses-permission android:name="android.permission.ACCESS_ADSERVICES_ATTRIBUTION" />
17-->[com.google.ads.interactivemedia.v3:interactivemedia:3.37.0] AndroidManifest.xml:14:5-88
17-->[com.google.ads.interactivemedia.v3:interactivemedia:3.37.0] AndroidManifest.xml:14:22-85
18    <uses-permission android:name="android.permission.ACCESS_ADSERVICES_AD_ID" />
18-->[com.google.ads.interactivemedia.v3:interactivemedia:3.37.0] AndroidManifest.xml:15:5-82
18-->[com.google.ads.interactivemedia.v3:interactivemedia:3.37.0] AndroidManifest.xml:15:22-79
19    <uses-permission android:name="android.permission.AD_SERVICES_CONFIG" />
19-->[com.google.ads.interactivemedia.v3:interactivemedia:3.37.0] AndroidManifest.xml:16:5-77
19-->[com.google.ads.interactivemedia.v3:interactivemedia:3.37.0] AndroidManifest.xml:16:22-74
20
21    <queries>
21-->[com.google.ads.interactivemedia.v3:interactivemedia:3.37.0] AndroidManifest.xml:18:5-29:15
22        <intent>
22-->[com.google.ads.interactivemedia.v3:interactivemedia:3.37.0] AndroidManifest.xml:19:9-23:18
23            <action android:name="android.intent.action.VIEW" />
23-->[com.google.ads.interactivemedia.v3:interactivemedia:3.37.0] AndroidManifest.xml:20:13-65
23-->[com.google.ads.interactivemedia.v3:interactivemedia:3.37.0] AndroidManifest.xml:20:21-62
24
25            <data android:scheme="https" />
25-->[com.google.ads.interactivemedia.v3:interactivemedia:3.37.0] AndroidManifest.xml:22:13-44
25-->[com.google.ads.interactivemedia.v3:interactivemedia:3.37.0] AndroidManifest.xml:22:19-41
26        </intent>
27        <intent>
27-->[com.google.ads.interactivemedia.v3:interactivemedia:3.37.0] AndroidManifest.xml:24:9-28:18
28            <action android:name="android.intent.action.VIEW" />
28-->[com.google.ads.interactivemedia.v3:interactivemedia:3.37.0] AndroidManifest.xml:20:13-65
28-->[com.google.ads.interactivemedia.v3:interactivemedia:3.37.0] AndroidManifest.xml:20:21-62
29
30            <data android:scheme="http" />
30-->[com.google.ads.interactivemedia.v3:interactivemedia:3.37.0] AndroidManifest.xml:22:13-44
30-->[com.google.ads.interactivemedia.v3:interactivemedia:3.37.0] AndroidManifest.xml:22:19-41
31        </intent>
32
33        <package android:name="com.google.android.apps.tv.launcherx" />
33-->[com.google.android.tv:tv-ads:1.0.1] AndroidManifest.xml:25:9-72
33-->[com.google.android.tv:tv-ads:1.0.1] AndroidManifest.xml:25:18-69
34        <package android:name="com.google.android.tvlauncher" />
34-->[com.google.android.tv:tv-ads:1.0.1] AndroidManifest.xml:26:9-65
34-->[com.google.android.tv:tv-ads:1.0.1] AndroidManifest.xml:26:18-62
35        <package android:name="com.google.android.tvrecommendations" /> <!-- For browser content -->
35-->[com.google.android.tv:tv-ads:1.0.1] AndroidManifest.xml:27:9-72
35-->[com.google.android.tv:tv-ads:1.0.1] AndroidManifest.xml:27:18-69
36        <intent>
36-->[com.google.android.gms:play-services-ads-api:24.5.0] AndroidManifest.xml:38:9-44:18
37            <action android:name="android.intent.action.VIEW" />
37-->[com.google.ads.interactivemedia.v3:interactivemedia:3.37.0] AndroidManifest.xml:20:13-65
37-->[com.google.ads.interactivemedia.v3:interactivemedia:3.37.0] AndroidManifest.xml:20:21-62
38
39            <category android:name="android.intent.category.BROWSABLE" />
39-->[com.google.android.gms:play-services-ads-api:24.5.0] AndroidManifest.xml:41:13-74
39-->[com.google.android.gms:play-services-ads-api:24.5.0] AndroidManifest.xml:41:23-71
40
41            <data android:scheme="https" />
41-->[com.google.ads.interactivemedia.v3:interactivemedia:3.37.0] AndroidManifest.xml:22:13-44
41-->[com.google.ads.interactivemedia.v3:interactivemedia:3.37.0] AndroidManifest.xml:22:19-41
42        </intent> <!-- End of browser content -->
43        <!-- For CustomTabsService -->
44        <intent>
44-->[com.google.android.gms:play-services-ads-api:24.5.0] AndroidManifest.xml:47:9-49:18
45            <action android:name="android.support.customtabs.action.CustomTabsService" />
45-->[com.google.android.gms:play-services-ads-api:24.5.0] AndroidManifest.xml:48:13-90
45-->[com.google.android.gms:play-services-ads-api:24.5.0] AndroidManifest.xml:48:21-87
46        </intent> <!-- End of CustomTabsService -->
47        <!-- For MRAID capabilities -->
48        <intent>
48-->[com.google.android.gms:play-services-ads-api:24.5.0] AndroidManifest.xml:52:9-56:18
49            <action android:name="android.intent.action.INSERT" />
49-->[com.google.android.gms:play-services-ads-api:24.5.0] AndroidManifest.xml:53:13-67
49-->[com.google.android.gms:play-services-ads-api:24.5.0] AndroidManifest.xml:53:21-64
50
51            <data android:mimeType="vnd.android.cursor.dir/event" />
51-->[com.google.ads.interactivemedia.v3:interactivemedia:3.37.0] AndroidManifest.xml:22:13-44
52        </intent>
53        <intent>
53-->[com.google.android.gms:play-services-ads-api:24.5.0] AndroidManifest.xml:57:9-61:18
54            <action android:name="android.intent.action.VIEW" />
54-->[com.google.ads.interactivemedia.v3:interactivemedia:3.37.0] AndroidManifest.xml:20:13-65
54-->[com.google.ads.interactivemedia.v3:interactivemedia:3.37.0] AndroidManifest.xml:20:21-62
55
56            <data android:scheme="sms" />
56-->[com.google.ads.interactivemedia.v3:interactivemedia:3.37.0] AndroidManifest.xml:22:13-44
56-->[com.google.ads.interactivemedia.v3:interactivemedia:3.37.0] AndroidManifest.xml:22:19-41
57        </intent>
58        <intent>
58-->[com.google.android.gms:play-services-ads-api:24.5.0] AndroidManifest.xml:62:9-66:18
59            <action android:name="android.intent.action.DIAL" />
59-->[com.google.android.gms:play-services-ads-api:24.5.0] AndroidManifest.xml:63:13-65
59-->[com.google.android.gms:play-services-ads-api:24.5.0] AndroidManifest.xml:63:21-62
60
61            <data android:path="tel:" />
61-->[com.google.ads.interactivemedia.v3:interactivemedia:3.37.0] AndroidManifest.xml:22:13-44
62        </intent>
63    </queries>
64
65    <uses-feature
65-->[com.google.android.tv:tv-ads:1.0.1] AndroidManifest.xml:11:5-13:36
66        android:name="android.software.leanback"
66-->[com.google.android.tv:tv-ads:1.0.1] AndroidManifest.xml:12:9-49
67        android:required="false" />
67-->[com.google.android.tv:tv-ads:1.0.1] AndroidManifest.xml:13:9-33
68    <uses-feature
68-->[com.google.android.tv:tv-ads:1.0.1] AndroidManifest.xml:14:5-16:36
69        android:name="android.hardware.touchscreen"
69-->[com.google.android.tv:tv-ads:1.0.1] AndroidManifest.xml:15:9-52
70        android:required="false" />
70-->[com.google.android.tv:tv-ads:1.0.1] AndroidManifest.xml:16:9-33
71    <uses-feature
71-->[com.google.android.tv:tv-ads:1.0.1] AndroidManifest.xml:17:5-19:36
72        android:name="android.hardware.wifi"
72-->[com.google.android.tv:tv-ads:1.0.1] AndroidManifest.xml:18:9-45
73        android:required="false" />
73-->[com.google.android.tv:tv-ads:1.0.1] AndroidManifest.xml:19:9-33
74
75    <uses-permission android:name="android.permission.ACCESS_NETWORK_STATE" />
75-->[com.google.android.tv:tv-ads:1.0.1] AndroidManifest.xml:22:5-79
75-->[com.google.android.tv:tv-ads:1.0.1] AndroidManifest.xml:22:22-76
76    <uses-permission android:name="android.permission.ACCESS_ADSERVICES_TOPICS" />
76-->[com.google.android.gms:play-services-ads-api:24.5.0] AndroidManifest.xml:29:5-83
76-->[com.google.android.gms:play-services-ads-api:24.5.0] AndroidManifest.xml:29:22-80
77    <uses-permission android:name="android.permission.FOREGROUND_SERVICE" />
77-->[androidx.work:work-runtime:2.7.0] AndroidManifest.xml:28:5-77
77-->[androidx.work:work-runtime:2.7.0] AndroidManifest.xml:28:22-74
78
79    <permission
79-->[androidx.core:core:1.16.0] AndroidManifest.xml:22:5-24:47
80        android:name="com.tkprof.hundredeightv.DYNAMIC_RECEIVER_NOT_EXPORTED_PERMISSION"
80-->[androidx.core:core:1.16.0] AndroidManifest.xml:23:9-81
81        android:protectionLevel="signature" />
81-->[androidx.core:core:1.16.0] AndroidManifest.xml:24:9-44
82
83    <uses-permission android:name="com.tkprof.hundredeightv.DYNAMIC_RECEIVER_NOT_EXPORTED_PERMISSION" />
83-->[androidx.core:core:1.16.0] AndroidManifest.xml:26:5-97
83-->[androidx.core:core:1.16.0] AndroidManifest.xml:26:22-94
84
85    <application
85-->src\main\AndroidManifest.xml:12:5-34:19
86        android:allowBackup="true"
86-->src\main\AndroidManifest.xml:13:9-35
87        android:appComponentFactory="androidx.core.app.CoreComponentFactory"
87-->[androidx.core:core:1.16.0] AndroidManifest.xml:28:18-86
88        android:dataExtractionRules="@xml/data_extraction_rules"
88-->src\main\AndroidManifest.xml:14:9-65
89        android:debuggable="true"
90        android:extractNativeLibs="false"
91        android:fullBackupContent="@xml/backup_rules"
91-->src\main\AndroidManifest.xml:15:9-54
92        android:icon="@mipmap/ic_launcher"
92-->src\main\AndroidManifest.xml:16:9-43
93        android:label="@string/app_name"
93-->src\main\AndroidManifest.xml:17:9-41
94        android:roundIcon="@mipmap/ic_launcher_round"
94-->src\main\AndroidManifest.xml:18:9-54
95        android:supportsRtl="true"
95-->src\main\AndroidManifest.xml:19:9-35
96        android:testOnly="true" >
97        <activity
97-->src\main\AndroidManifest.xml:20:9-28:20
98            android:name="com.tkprof.hundredeightv.MainActivity"
98-->src\main\AndroidManifest.xml:21:13-41
99            android:exported="true"
99-->src\main\AndroidManifest.xml:22:13-36
100            android:theme="@style/Theme.AppCompat.Light.DarkActionBar" >
100-->src\main\AndroidManifest.xml:23:13-71
101            <intent-filter>
101-->src\main\AndroidManifest.xml:24:13-27:29
102                <action android:name="android.intent.action.MAIN" />
102-->src\main\AndroidManifest.xml:25:17-69
102-->src\main\AndroidManifest.xml:25:25-66
103
104                <category android:name="android.intent.category.LAUNCHER" />
104-->src\main\AndroidManifest.xml:26:17-77
104-->src\main\AndroidManifest.xml:26:27-74
105            </intent-filter>
106        </activity>
107        <!-- Your AdMob App ID -->
108        <meta-data
108-->src\main\AndroidManifest.xml:30:9-32:69
109            android:name="com.google.android.gms.ads.APPLICATION_ID"
109-->src\main\AndroidManifest.xml:31:13-69
110            android:value="ca-app-pub-8979756439452342~1904313389" />
110-->src\main\AndroidManifest.xml:32:13-67
111        <!-- ... other elements -->
112        <activity
112-->[com.google.android.tv:tv-ads:1.0.1] AndroidManifest.xml:31:9-35:20
113            android:name="com.google.android.tv.ads.controls.FallbackImageActivity"
113-->[com.google.android.tv:tv-ads:1.0.1] AndroidManifest.xml:32:13-84
114            android:exported="false"
114-->[com.google.android.tv:tv-ads:1.0.1] AndroidManifest.xml:33:13-37
115            android:theme="@style/Theme.AppCompat.NoActionBar.Translucent" >
115-->[com.google.android.tv:tv-ads:1.0.1] AndroidManifest.xml:34:13-75
116        </activity> <!-- Include the AdActivity and InAppPurchaseActivity configChanges and themes. -->
117        <activity
117-->[com.google.android.gms:play-services-ads-api:24.5.0] AndroidManifest.xml:73:9-78:43
118            android:name="com.google.android.gms.ads.AdActivity"
118-->[com.google.android.gms:play-services-ads-api:24.5.0] AndroidManifest.xml:74:13-65
119            android:configChanges="keyboard|keyboardHidden|orientation|screenLayout|uiMode|screenSize|smallestScreenSize"
119-->[com.google.android.gms:play-services-ads-api:24.5.0] AndroidManifest.xml:75:13-122
120            android:exported="false"
120-->[com.google.android.gms:play-services-ads-api:24.5.0] AndroidManifest.xml:76:13-37
121            android:theme="@android:style/Theme.Translucent" />
121-->[com.google.android.gms:play-services-ads-api:24.5.0] AndroidManifest.xml:77:13-61
122
123        <provider
123-->[com.google.android.gms:play-services-ads-api:24.5.0] AndroidManifest.xml:80:9-85:43
124            android:name="com.google.android.gms.ads.MobileAdsInitProvider"
124-->[com.google.android.gms:play-services-ads-api:24.5.0] AndroidManifest.xml:81:13-76
125            android:authorities="com.tkprof.hundredeightv.mobileadsinitprovider"
125-->[com.google.android.gms:play-services-ads-api:24.5.0] AndroidManifest.xml:82:13-73
126            android:exported="false"
126-->[com.google.android.gms:play-services-ads-api:24.5.0] AndroidManifest.xml:83:13-37
127            android:initOrder="100" />
127-->[com.google.android.gms:play-services-ads-api:24.5.0] AndroidManifest.xml:84:13-36
128
129        <service
129-->[com.google.android.gms:play-services-ads-api:24.5.0] AndroidManifest.xml:87:9-91:43
130            android:name="com.google.android.gms.ads.AdService"
130-->[com.google.android.gms:play-services-ads-api:24.5.0] AndroidManifest.xml:88:13-64
131            android:enabled="true"
131-->[com.google.android.gms:play-services-ads-api:24.5.0] AndroidManifest.xml:89:13-35
132            android:exported="false" />
132-->[com.google.android.gms:play-services-ads-api:24.5.0] AndroidManifest.xml:90:13-37
133
134        <activity
134-->[com.google.android.gms:play-services-ads-api:24.5.0] AndroidManifest.xml:93:9-97:43
135            android:name="com.google.android.gms.ads.OutOfContextTestingActivity"
135-->[com.google.android.gms:play-services-ads-api:24.5.0] AndroidManifest.xml:94:13-82
136            android:configChanges="keyboard|keyboardHidden|orientation|screenLayout|uiMode|screenSize|smallestScreenSize"
136-->[com.google.android.gms:play-services-ads-api:24.5.0] AndroidManifest.xml:95:13-122
137            android:exported="false" />
137-->[com.google.android.gms:play-services-ads-api:24.5.0] AndroidManifest.xml:96:13-37
138        <activity
138-->[com.google.android.gms:play-services-ads-api:24.5.0] AndroidManifest.xml:98:9-105:43
139            android:name="com.google.android.gms.ads.NotificationHandlerActivity"
139-->[com.google.android.gms:play-services-ads-api:24.5.0] AndroidManifest.xml:99:13-82
140            android:excludeFromRecents="true"
140-->[com.google.android.gms:play-services-ads-api:24.5.0] AndroidManifest.xml:100:13-46
141            android:exported="false"
141-->[com.google.android.gms:play-services-ads-api:24.5.0] AndroidManifest.xml:101:13-37
142            android:launchMode="singleTask"
142-->[com.google.android.gms:play-services-ads-api:24.5.0] AndroidManifest.xml:102:13-44
143            android:taskAffinity=""
143-->[com.google.android.gms:play-services-ads-api:24.5.0] AndroidManifest.xml:103:13-36
144            android:theme="@android:style/Theme.Translucent.NoTitleBar" />
144-->[com.google.android.gms:play-services-ads-api:24.5.0] AndroidManifest.xml:104:13-72
145
146        <meta-data
146-->[com.google.android.gms:play-services-ads-api:24.5.0] AndroidManifest.xml:107:9-109:36
147            android:name="com.google.android.gms.ads.flag.OPTIMIZE_AD_LOADING"
147-->[com.google.android.gms:play-services-ads-api:24.5.0] AndroidManifest.xml:108:13-79
148            android:value="true" />
148-->[com.google.android.gms:play-services-ads-api:24.5.0] AndroidManifest.xml:109:13-33
149        <meta-data
149-->[com.google.android.gms:play-services-ads-api:24.5.0] AndroidManifest.xml:110:9-112:36
150            android:name="com.google.android.gms.ads.flag.OPTIMIZE_INITIALIZATION"
150-->[com.google.android.gms:play-services-ads-api:24.5.0] AndroidManifest.xml:111:13-83
151            android:value="true" />
151-->[com.google.android.gms:play-services-ads-api:24.5.0] AndroidManifest.xml:112:13-33
152
153        <activity
153-->[com.google.android.gms:play-services-base:18.5.0] AndroidManifest.xml:5:9-173
154            android:name="com.google.android.gms.common.api.GoogleApiActivity"
154-->[com.google.android.gms:play-services-base:18.5.0] AndroidManifest.xml:5:19-85
155            android:exported="false"
155-->[com.google.android.gms:play-services-base:18.5.0] AndroidManifest.xml:5:146-170
156            android:theme="@android:style/Theme.Translucent.NoTitleBar" />
156-->[com.google.android.gms:play-services-base:18.5.0] AndroidManifest.xml:5:86-145
157
158        <meta-data
158-->[com.google.android.gms:play-services-basement:18.4.0] AndroidManifest.xml:6:9-122
159            android:name="com.google.android.gms.version"
159-->[com.google.android.gms:play-services-basement:18.4.0] AndroidManifest.xml:6:20-65
160            android:value="@integer/google_play_services_version" />
160-->[com.google.android.gms:play-services-basement:18.4.0] AndroidManifest.xml:6:66-119
161
162        <activity
162-->[androidx.compose.ui:ui-tooling-android:1.7.0] AndroidManifest.xml:23:9-25:39
163            android:name="androidx.compose.ui.tooling.PreviewActivity"
163-->[androidx.compose.ui:ui-tooling-android:1.7.0] AndroidManifest.xml:24:13-71
164            android:exported="true" />
164-->[androidx.compose.ui:ui-tooling-android:1.7.0] AndroidManifest.xml:25:13-36
165        <activity
165-->[androidx.compose.ui:ui-test-manifest:1.7.0] AndroidManifest.xml:23:9-25:39
166            android:name="androidx.activity.ComponentActivity"
166-->[androidx.compose.ui:ui-test-manifest:1.7.0] AndroidManifest.xml:24:13-63
167            android:exported="true" />
167-->[androidx.compose.ui:ui-test-manifest:1.7.0] AndroidManifest.xml:25:13-36
168
169        <provider
169-->[androidx.emoji2:emoji2:1.3.0] AndroidManifest.xml:24:9-32:20
170            android:name="androidx.startup.InitializationProvider"
170-->[androidx.emoji2:emoji2:1.3.0] AndroidManifest.xml:25:13-67
171            android:authorities="com.tkprof.hundredeightv.androidx-startup"
171-->[androidx.emoji2:emoji2:1.3.0] AndroidManifest.xml:26:13-68
172            android:exported="false" >
172-->[androidx.emoji2:emoji2:1.3.0] AndroidManifest.xml:27:13-37
173            <meta-data
173-->[androidx.emoji2:emoji2:1.3.0] AndroidManifest.xml:29:13-31:52
174                android:name="androidx.emoji2.text.EmojiCompatInitializer"
174-->[androidx.emoji2:emoji2:1.3.0] AndroidManifest.xml:30:17-75
175                android:value="androidx.startup" />
175-->[androidx.emoji2:emoji2:1.3.0] AndroidManifest.xml:31:17-49
176            <meta-data
176-->[androidx.work:work-runtime:2.7.0] AndroidManifest.xml:36:13-38:52
177                android:name="androidx.work.WorkManagerInitializer"
177-->[androidx.work:work-runtime:2.7.0] AndroidManifest.xml:37:17-68
178                android:value="androidx.startup" />
178-->[androidx.work:work-runtime:2.7.0] AndroidManifest.xml:38:17-49
179            <meta-data
179-->[androidx.lifecycle:lifecycle-process:2.9.2] AndroidManifest.xml:29:13-31:52
180                android:name="androidx.lifecycle.ProcessLifecycleInitializer"
180-->[androidx.lifecycle:lifecycle-process:2.9.2] AndroidManifest.xml:30:17-78
181                android:value="androidx.startup" />
181-->[androidx.lifecycle:lifecycle-process:2.9.2] AndroidManifest.xml:31:17-49
182            <meta-data
182-->[androidx.profileinstaller:profileinstaller:1.4.0] AndroidManifest.xml:29:13-31:52
183                android:name="androidx.profileinstaller.ProfileInstallerInitializer"
183-->[androidx.profileinstaller:profileinstaller:1.4.0] AndroidManifest.xml:30:17-85
184                android:value="androidx.startup" />
184-->[androidx.profileinstaller:profileinstaller:1.4.0] AndroidManifest.xml:31:17-49
185        </provider>
186
187        <service
187-->[androidx.work:work-runtime:2.7.0] AndroidManifest.xml:41:9-46:35
188            android:name="androidx.work.impl.background.systemalarm.SystemAlarmService"
188-->[androidx.work:work-runtime:2.7.0] AndroidManifest.xml:42:13-88
189            android:directBootAware="false"
189-->[androidx.work:work-runtime:2.7.0] AndroidManifest.xml:43:13-44
190            android:enabled="@bool/enable_system_alarm_service_default"
190-->[androidx.work:work-runtime:2.7.0] AndroidManifest.xml:44:13-72
191            android:exported="false" />
191-->[androidx.work:work-runtime:2.7.0] AndroidManifest.xml:45:13-37
192        <service
192-->[androidx.work:work-runtime:2.7.0] AndroidManifest.xml:47:9-53:35
193            android:name="androidx.work.impl.background.systemjob.SystemJobService"
193-->[androidx.work:work-runtime:2.7.0] AndroidManifest.xml:48:13-84
194            android:directBootAware="false"
194-->[androidx.work:work-runtime:2.7.0] AndroidManifest.xml:49:13-44
195            android:enabled="@bool/enable_system_job_service_default"
195-->[androidx.work:work-runtime:2.7.0] AndroidManifest.xml:50:13-70
196            android:exported="true"
196-->[androidx.work:work-runtime:2.7.0] AndroidManifest.xml:51:13-36
197            android:permission="android.permission.BIND_JOB_SERVICE" />
197-->[androidx.work:work-runtime:2.7.0] AndroidManifest.xml:52:13-69
198        <service
198-->[androidx.work:work-runtime:2.7.0] AndroidManifest.xml:54:9-59:35
199            android:name="androidx.work.impl.foreground.SystemForegroundService"
199-->[androidx.work:work-runtime:2.7.0] AndroidManifest.xml:55:13-81
200            android:directBootAware="false"
200-->[androidx.work:work-runtime:2.7.0] AndroidManifest.xml:56:13-44
201            android:enabled="@bool/enable_system_foreground_service_default"
201-->[androidx.work:work-runtime:2.7.0] AndroidManifest.xml:57:13-77
202            android:exported="false" />
202-->[androidx.work:work-runtime:2.7.0] AndroidManifest.xml:58:13-37
203
204        <receiver
204-->[androidx.work:work-runtime:2.7.0] AndroidManifest.xml:61:9-66:35
205            android:name="androidx.work.impl.utils.ForceStopRunnable$BroadcastReceiver"
205-->[androidx.work:work-runtime:2.7.0] AndroidManifest.xml:62:13-88
206            android:directBootAware="false"
206-->[androidx.work:work-runtime:2.7.0] AndroidManifest.xml:63:13-44
207            android:enabled="true"
207-->[androidx.work:work-runtime:2.7.0] AndroidManifest.xml:64:13-35
208            android:exported="false" />
208-->[androidx.work:work-runtime:2.7.0] AndroidManifest.xml:65:13-37
209        <receiver
209-->[androidx.work:work-runtime:2.7.0] AndroidManifest.xml:67:9-77:20
210            android:name="androidx.work.impl.background.systemalarm.ConstraintProxy$BatteryChargingProxy"
210-->[androidx.work:work-runtime:2.7.0] AndroidManifest.xml:68:13-106
211            android:directBootAware="false"
211-->[androidx.work:work-runtime:2.7.0] AndroidManifest.xml:69:13-44
212            android:enabled="false"
212-->[androidx.work:work-runtime:2.7.0] AndroidManifest.xml:70:13-36
213            android:exported="false" >
213-->[androidx.work:work-runtime:2.7.0] AndroidManifest.xml:71:13-37
214            <intent-filter>
214-->[androidx.work:work-runtime:2.7.0] AndroidManifest.xml:73:13-76:29
215                <action android:name="android.intent.action.ACTION_POWER_CONNECTED" />
215-->[androidx.work:work-runtime:2.7.0] AndroidManifest.xml:74:17-87
215-->[androidx.work:work-runtime:2.7.0] AndroidManifest.xml:74:25-84
216                <action android:name="android.intent.action.ACTION_POWER_DISCONNECTED" />
216-->[androidx.work:work-runtime:2.7.0] AndroidManifest.xml:75:17-90
216-->[androidx.work:work-runtime:2.7.0] AndroidManifest.xml:75:25-87
217            </intent-filter>
218        </receiver>
219        <receiver
219-->[androidx.work:work-runtime:2.7.0] AndroidManifest.xml:78:9-88:20
220            android:name="androidx.work.impl.background.systemalarm.ConstraintProxy$BatteryNotLowProxy"
220-->[androidx.work:work-runtime:2.7.0] AndroidManifest.xml:79:13-104
221            android:directBootAware="false"
221-->[androidx.work:work-runtime:2.7.0] AndroidManifest.xml:80:13-44
222            android:enabled="false"
222-->[androidx.work:work-runtime:2.7.0] AndroidManifest.xml:81:13-36
223            android:exported="false" >
223-->[androidx.work:work-runtime:2.7.0] AndroidManifest.xml:82:13-37
224            <intent-filter>
224-->[androidx.work:work-runtime:2.7.0] AndroidManifest.xml:84:13-87:29
225                <action android:name="android.intent.action.BATTERY_OKAY" />
225-->[androidx.work:work-runtime:2.7.0] AndroidManifest.xml:85:17-77
225-->[androidx.work:work-runtime:2.7.0] AndroidManifest.xml:85:25-74
226                <action android:name="android.intent.action.BATTERY_LOW" />
226-->[androidx.work:work-runtime:2.7.0] AndroidManifest.xml:86:17-76
226-->[androidx.work:work-runtime:2.7.0] AndroidManifest.xml:86:25-73
227            </intent-filter>
228        </receiver>
229        <receiver
229-->[androidx.work:work-runtime:2.7.0] AndroidManifest.xml:89:9-99:20
230            android:name="androidx.work.impl.background.systemalarm.ConstraintProxy$StorageNotLowProxy"
230-->[androidx.work:work-runtime:2.7.0] AndroidManifest.xml:90:13-104
231            android:directBootAware="false"
231-->[androidx.work:work-runtime:2.7.0] AndroidManifest.xml:91:13-44
232            android:enabled="false"
232-->[androidx.work:work-runtime:2.7.0] AndroidManifest.xml:92:13-36
233            android:exported="false" >
233-->[androidx.work:work-runtime:2.7.0] AndroidManifest.xml:93:13-37
234            <intent-filter>
234-->[androidx.work:work-runtime:2.7.0] AndroidManifest.xml:95:13-98:29
235                <action android:name="android.intent.action.DEVICE_STORAGE_LOW" />
235-->[androidx.work:work-runtime:2.7.0] AndroidManifest.xml:96:17-83
235-->[androidx.work:work-runtime:2.7.0] AndroidManifest.xml:96:25-80
236                <action android:name="android.intent.action.DEVICE_STORAGE_OK" />
236-->[androidx.work:work-runtime:2.7.0] AndroidManifest.xml:97:17-82
236-->[androidx.work:work-runtime:2.7.0] AndroidManifest.xml:97:25-79
237            </intent-filter>
238        </receiver>
239        <receiver
239-->[androidx.work:work-runtime:2.7.0] AndroidManifest.xml:100:9-109:20
240            android:name="androidx.work.impl.background.systemalarm.ConstraintProxy$NetworkStateProxy"
240-->[androidx.work:work-runtime:2.7.0] AndroidManifest.xml:101:13-103
241            android:directBootAware="false"
241-->[androidx.work:work-runtime:2.7.0] AndroidManifest.xml:102:13-44
242            android:enabled="false"
242-->[androidx.work:work-runtime:2.7.0] AndroidManifest.xml:103:13-36
243            android:exported="false" >
243-->[androidx.work:work-runtime:2.7.0] AndroidManifest.xml:104:13-37
244            <intent-filter>
244-->[androidx.work:work-runtime:2.7.0] AndroidManifest.xml:106:13-108:29
245                <action android:name="android.net.conn.CONNECTIVITY_CHANGE" />
245-->[androidx.work:work-runtime:2.7.0] AndroidManifest.xml:107:17-79
245-->[androidx.work:work-runtime:2.7.0] AndroidManifest.xml:107:25-76
246            </intent-filter>
247        </receiver>
248        <receiver
248-->[androidx.work:work-runtime:2.7.0] AndroidManifest.xml:110:9-121:20
249            android:name="androidx.work.impl.background.systemalarm.RescheduleReceiver"
249-->[androidx.work:work-runtime:2.7.0] AndroidManifest.xml:111:13-88
250            android:directBootAware="false"
250-->[androidx.work:work-runtime:2.7.0] AndroidManifest.xml:112:13-44
251            android:enabled="false"
251-->[androidx.work:work-runtime:2.7.0] AndroidManifest.xml:113:13-36
252            android:exported="false" >
252-->[androidx.work:work-runtime:2.7.0] AndroidManifest.xml:114:13-37
253            <intent-filter>
253-->[androidx.work:work-runtime:2.7.0] AndroidManifest.xml:116:13-120:29
254                <action android:name="android.intent.action.BOOT_COMPLETED" />
254-->[androidx.work:work-runtime:2.7.0] AndroidManifest.xml:117:17-79
254-->[androidx.work:work-runtime:2.7.0] AndroidManifest.xml:117:25-76
255                <action android:name="android.intent.action.TIME_SET" />
255-->[androidx.work:work-runtime:2.7.0] AndroidManifest.xml:118:17-73
255-->[androidx.work:work-runtime:2.7.0] AndroidManifest.xml:118:25-70
256                <action android:name="android.intent.action.TIMEZONE_CHANGED" />
256-->[androidx.work:work-runtime:2.7.0] AndroidManifest.xml:119:17-81
256-->[androidx.work:work-runtime:2.7.0] AndroidManifest.xml:119:25-78
257            </intent-filter>
258        </receiver>
259        <receiver
259-->[androidx.work:work-runtime:2.7.0] AndroidManifest.xml:122:9-131:20
260            android:name="androidx.work.impl.background.systemalarm.ConstraintProxyUpdateReceiver"
260-->[androidx.work:work-runtime:2.7.0] AndroidManifest.xml:123:13-99
261            android:directBootAware="false"
261-->[androidx.work:work-runtime:2.7.0] AndroidManifest.xml:124:13-44
262            android:enabled="@bool/enable_system_alarm_service_default"
262-->[androidx.work:work-runtime:2.7.0] AndroidManifest.xml:125:13-72
263            android:exported="false" >